<?xml version="1.0" encoding="UTF-8"?>
<!-- Generated by org.testng.reporters.JUnitXMLReporter -->
<testsuite ignored="0" hostname="DESKTOP-E75U16J" failures="0" tests="4" name="Test" time="20.952" errors="0" timestamp="2022-09-20T20:34:16 EDT">
  <testcase classname="PagesTest.IneuronSignupPage" name="VerifySignUpButton" time="0.989"/>
  <testcase classname="PagesTest.IneuronSignupPage" name="RegisterNewUserForm" time="3.693"/>
  <testcase classname="PagesTest.SigninPageTest" name="VerifyloginButton" time="0.7"/>
  <testcase classname="PagesTest.SigninPageTest" name="LoginPage" time="4.38"/>
</testsuite> <!-- Test -->
